<?xml version="1.0" encoding="UTF-8"?>
<testng-results skipped="0" failed="0" ignored="0" total="1" passed="1">
  <reporter-output>
  </reporter-output>
  <suite name="Suite" duration-ms="45" started-at="2021-07-04T10:54:55Z" finished-at="2021-07-04T10:54:55Z">
    <groups>
    </groups>
    <test name="Test" duration-ms="45" started-at="2021-07-04T10:54:55Z" finished-at="2021-07-04T10:54:55Z">
      <class name="com.maven.MavenDemo">
        <test-method status="PASS" signature="m1()[pri:0, instance:com.maven.MavenDemo@52af6cff]" name="m1" duration-ms="10" started-at="2021-07-04T10:54:55Z" finished-at="2021-07-04T10:54:55Z">
          <reporter-output>
          </reporter-output>
        </test-method> <!-- m1 -->
      </class> <!-- com.maven.MavenDemo -->
    </test> <!-- Test -->
  </suite> <!-- Suite -->
</testng-results>
